2017-04-23 22:39:52 [main][org.springframework.jdbc.datasource.DataSourceUtils-110] DEBUG - Fetching JDBC Connection from DataSource
2017-04-23 22:39:52 [main][org.springframework.jdbc.datasource.DataSourceUtils-327] DEBUG - Returning JDBC Connection to DataSource
2017-04-23 22:39:52 [main][org.springframework.jdbc.support.SQLErrorCodesFactory-199] DEBUG - Looking up default SQLErrorCodes for DataSource [org.apache.commons.dbcp.BasicDataSource@bb28af6]
2017-04-23 22:39:52 [main][org.springframework.jdbc.datasource.DataSourceUtils-110] DEBUG - Fetching JDBC Connection from DataSource
2017-04-23 22:39:52 [main][org.springframework.jdbc.datasource.DataSourceUtils-327] DEBUG - Returning JDBC Connection to DataSource
2017-04-23 22:39:52 [main][org.springframework.jdbc.support.SQLErrorCodesFactory-217] DEBUG - Database product name cached for DataSource [org.apache.commons.dbcp.BasicDataSource@bb28af6]: name is 'MySQL'
2017-04-23 22:39:52 [main][org.springframework.jdbc.support.SQLErrorCodesFactory-175] DEBUG - SQL error codes for 'MySQL' found
2017-04-23 22:39:52 [main][org.springframework.jdbc.support.SQLErrorCodeSQLExceptionTranslator-397] DEBUG - Translating SQLException with SQL state '42000', error code '1064', message [You have an error in your SQL syntax; check the manual that corresponds to your MySQL server version for the right syntax to use near 'form User
		where name = '李强'' at line 2]; SQL was [] for task [
### Error querying database.  Cause: com.mysql.jdbc.exceptions.jdbc4.MySQLSyntaxErrorException: You have an error in your SQL syntax; check the manual that corresponds to your MySQL server version for the right syntax to use near 'form User
		where name = '李强'' at line 2
### The error may exist in file [/Users/dasouche/Documents/project/chunlei/target/classes/mappers/user.xml]
### The error may involve user.getUser-Inline
### The error occurred while setting parameters
### SQL: select id,name,age,school,borth_time as borthTime,work_day as workDay,date_create as dateCreate   form User   where name = ?
### Cause: com.mysql.jdbc.exceptions.jdbc4.MySQLSyntaxErrorException: You have an error in your SQL syntax; check the manual that corresponds to your MySQL server version for the right syntax to use near 'form User
		where name = '李强'' at line 2
]
2017-04-23 22:40:34 [main][org.springframework.jdbc.datasource.DataSourceUtils-110] DEBUG - Fetching JDBC Connection from DataSource
2017-04-23 22:40:34 [main][org.springframework.jdbc.datasource.DataSourceUtils-327] DEBUG - Returning JDBC Connection to DataSource
