2017-05-31 15:26:38 [main][org.springframework.context.support.AbstractApplicationContext-574] INFO  - Refreshing org.springframework.context.support.ClassPathXmlApplicationContext@3069b5a7: startup date [Wed May 31 15:26:38 CST 2017]; root of context hierarchy
2017-05-31 15:26:38 [main][org.springframework.beans.factory.xml.XmlBeanDefinitionReader-317] INFO  - Loading XML bean definitions from class path resource [applicationContext.xml]
2017-05-31 15:26:38 [main][org.springframework.beans.factory.xml.XmlBeanDefinitionReader-317] INFO  - Loading XML bean definitions from class path resource [application-datasource.xml]
2017-05-31 15:26:39 [main][org.springframework.core.io.support.PropertiesLoaderSupport-172] INFO  - Loading properties file from file [/Users/dasouche/Documents/project/chunlei/target/classes/jdbc.properties]
2017-05-31 15:26:39 [main][com.wuxi.service.TimeRecoder-22] INFO  - beansFactory is going to be initilized,time now is Wed May 31 15:26:39 CST 2017
2017-05-31 15:26:39 [main][com.wuxi.service.TimeRecoder-29] INFO  - beansFactory has been initilized,time now is Wed May 31 15:26:39 CST 2017
2017-05-31 15:26:39 [main][org.springframework.context.support.AbstractApplicationContext-544] WARN  - Exception encountered during context initialization - cancelling refresh attempt
org.springframework.beans.factory.UnsatisfiedDependencyException: Error creating bean with name 'userService' defined in file [/Users/dasouche/Documents/project/chunlei/target/classes/com/wuxi/service/UserService.class]: Unsatisfied dependency expressed through bean property 'animal': : Error creating bean with name 'com.wuxi.service.animal.Tiger#0' defined in class path resource [applicationContext.xml]: Instantiation of bean failed; nested exception is org.springframework.beans.BeanInstantiationException: Failed to instantiate [com.wuxi.service.animal.Tiger]: No default constructor found; nested exception is java.lang.NoSuchMethodException: com.wuxi.service.animal.Tiger.<init>(); nested exception is org.springframework.beans.factory.BeanCreationException: Error creating bean with name 'com.wuxi.service.animal.Tiger#0' defined in class path resource [applicationContext.xml]: Instantiation of bean failed; nested exception is org.springframework.beans.BeanInstantiationException: Failed to instantiate [com.wuxi.service.animal.Tiger]: No default constructor found; nested exception is java.lang.NoSuchMethodException: com.wuxi.service.animal.Tiger.<init>()
	at org.springframework.beans.factory.support.AbstractAutowireCapableBeanFactory.autowireByType(AbstractAutowireCapableBeanFactory.java:1307)
	at org.springframework.beans.factory.support.AbstractAutowireCapableBeanFactory.populateBean(AbstractAutowireCapableBeanFactory.java:1199)
	at org.springframework.beans.factory.support.AbstractAutowireCapableBeanFactory.doCreateBean(AbstractAutowireCapableBeanFactory.java:543)
	at org.springframework.beans.factory.support.AbstractAutowireCapableBeanFactory.createBean(AbstractAutowireCapableBeanFactory.java:482)
	at org.springframework.beans.factory.support.AbstractBeanFactory$1.getObject(AbstractBeanFactory.java:305)
	at org.springframework.beans.factory.support.DefaultSingletonBeanRegistry.getSingleton(DefaultSingletonBeanRegistry.java:230)
	at org.springframework.beans.factory.support.AbstractBeanFactory.doGetBean(AbstractBeanFactory.java:301)
	at org.springframework.beans.factory.support.AbstractBeanFactory.getBean(AbstractBeanFactory.java:196)
	at org.springframework.beans.factory.support.DefaultListableBeanFactory.preInstantiateSingletons(DefaultListableBeanFactory.java:772)
	at org.springframework.context.support.AbstractApplicationContext.finishBeanFactoryInitialization(AbstractApplicationContext.java:835)
	at org.springframework.context.support.AbstractApplicationContext.refresh(AbstractApplicationContext.java:537)
	at org.springframework.context.support.ClassPathXmlApplicationContext.<init>(ClassPathXmlApplicationContext.java:139)
	at org.springframework.context.support.ClassPathXmlApplicationContext.<init>(ClassPathXmlApplicationContext.java:83)
	at com.wuxi.service.OperateService.main(OperateService.java:25)
Caused by: org.springframework.beans.factory.BeanCreationException: Error creating bean with name 'com.wuxi.service.animal.Tiger#0' defined in class path resource [applicationContext.xml]: Instantiation of bean failed; nested exception is org.springframework.beans.BeanInstantiationException: Failed to instantiate [com.wuxi.service.animal.Tiger]: No default constructor found; nested exception is java.lang.NoSuchMethodException: com.wuxi.service.animal.Tiger.<init>()
	at org.springframework.beans.factory.support.AbstractAutowireCapableBeanFactory.instantiateBean(AbstractAutowireCapableBeanFactory.java:1105)
	at org.springframework.beans.factory.support.AbstractAutowireCapableBeanFactory.createBeanInstance(AbstractAutowireCapableBeanFactory.java:1050)
	at org.springframework.beans.factory.support.AbstractAutowireCapableBeanFactory.doCreateBean(AbstractAutowireCapableBeanFactory.java:510)
	at org.springframework.beans.factory.support.AbstractAutowireCapableBeanFactory.createBean(AbstractAutowireCapableBeanFactory.java:482)
	at org.springframework.beans.factory.support.AbstractBeanFactory$1.getObject(AbstractBeanFactory.java:305)
	at org.springframework.beans.factory.support.DefaultSingletonBeanRegistry.getSingleton(DefaultSingletonBeanRegistry.java:230)
	at org.springframework.beans.factory.support.AbstractBeanFactory.doGetBean(AbstractBeanFactory.java:301)
	at org.springframework.beans.factory.support.AbstractBeanFactory.getBean(AbstractBeanFactory.java:196)
	at org.springframework.beans.factory.support.DefaultListableBeanFactory.findAutowireCandidates(DefaultListableBeanFactory.java:1192)
	at org.springframework.beans.factory.support.DefaultListableBeanFactory.doResolveDependency(DefaultListableBeanFactory.java:1116)
	at org.springframework.beans.factory.support.DefaultListableBeanFactory.resolveDependency(DefaultListableBeanFactory.java:1014)
	at org.springframework.beans.factory.support.AbstractAutowireCapableBeanFactory.autowireByType(AbstractAutowireCapableBeanFactory.java:1292)
	... 13 common frames omitted
Caused by: org.springframework.beans.BeanInstantiationException: Failed to instantiate [com.wuxi.service.animal.Tiger]: No default constructor found; nested exception is java.lang.NoSuchMethodException: com.wuxi.service.animal.Tiger.<init>()
	at org.springframework.beans.factory.support.SimpleInstantiationStrategy.instantiate(SimpleInstantiationStrategy.java:85)
	at org.springframework.beans.factory.support.AbstractAutowireCapableBeanFactory.instantiateBean(AbstractAutowireCapableBeanFactory.java:1098)
	... 24 common frames omitted
Caused by: java.lang.NoSuchMethodException: com.wuxi.service.animal.Tiger.<init>()
	at java.lang.Class.getConstructor0(Class.java:2892)
	at java.lang.Class.getDeclaredConstructor(Class.java:2058)
	at org.springframework.beans.factory.support.SimpleInstantiationStrategy.instantiate(SimpleInstantiationStrategy.java:80)
	... 25 common frames omitted
2017-05-31 15:27:21 [main][org.springframework.context.support.AbstractApplicationContext-574] INFO  - Refreshing org.springframework.context.support.ClassPathXmlApplicationContext@17227365: startup date [Wed May 31 15:27:21 CST 2017]; root of context hierarchy
2017-05-31 15:27:21 [main][org.springframework.beans.factory.xml.XmlBeanDefinitionReader-317] INFO  - Loading XML bean definitions from class path resource [applicationContext.xml]
2017-05-31 15:27:22 [main][org.springframework.beans.factory.xml.XmlBeanDefinitionReader-317] INFO  - Loading XML bean definitions from class path resource [application-datasource.xml]
2017-05-31 15:27:22 [main][org.springframework.core.io.support.PropertiesLoaderSupport-172] INFO  - Loading properties file from file [/Users/dasouche/Documents/project/chunlei/target/classes/jdbc.properties]
2017-05-31 15:27:22 [main][com.wuxi.service.TimeRecoder-22] INFO  - beansFactory is going to be initilized,time now is Wed May 31 15:27:22 CST 2017
2017-05-31 15:27:22 [main][com.wuxi.service.TimeRecoder-29] INFO  - beansFactory has been initilized,time now is Wed May 31 15:27:22 CST 2017
2017-05-31 15:27:22 [main][com.wuxi.service.TimeRecoder-22] INFO  - com.wuxi.service.animal.Tiger#0 is going to be initilized,time now is Wed May 31 15:27:22 CST 2017
2017-05-31 15:27:22 [main][com.wuxi.service.TimeRecoder-29] INFO  - com.wuxi.service.animal.Tiger#0 has been initilized,time now is Wed May 31 15:27:22 CST 2017
2017-05-31 15:27:22 [main][com.wuxi.service.TimeRecoder-22] INFO  - dataSource is going to be initilized,time now is Wed May 31 15:27:22 CST 2017
2017-05-31 15:27:22 [main][com.wuxi.service.TimeRecoder-29] INFO  - dataSource has been initilized,time now is Wed May 31 15:27:22 CST 2017
2017-05-31 15:27:22 [main][com.wuxi.service.TimeRecoder-22] INFO  - sqlSessionFactory is going to be initilized,time now is Wed May 31 15:27:22 CST 2017
2017-05-31 15:27:23 [main][com.wuxi.service.TimeRecoder-29] INFO  - sqlSessionFactory has been initilized,time now is Wed May 31 15:27:23 CST 2017
2017-05-31 15:27:23 [main][com.wuxi.service.TimeRecoder-29] INFO  - sqlSessionFactory has been initilized,time now is Wed May 31 15:27:23 CST 2017
2017-05-31 15:27:23 [main][com.wuxi.service.TimeRecoder-22] INFO  - sqlSession is going to be initilized,time now is Wed May 31 15:27:23 CST 2017
2017-05-31 15:27:23 [main][com.wuxi.service.TimeRecoder-29] INFO  - sqlSession has been initilized,time now is Wed May 31 15:27:23 CST 2017
2017-05-31 15:27:23 [main][com.wuxi.service.TimeRecoder-22] INFO  - userDao is going to be initilized,time now is Wed May 31 15:27:23 CST 2017
2017-05-31 15:27:23 [main][com.wuxi.service.TimeRecoder-29] INFO  - userDao has been initilized,time now is Wed May 31 15:27:23 CST 2017
2017-05-31 15:27:23 [main][com.wuxi.service.TimeRecoder-22] INFO  - userMapper is going to be initilized,time now is Wed May 31 15:27:23 CST 2017
2017-05-31 15:27:23 [main][com.wuxi.service.TimeRecoder-29] INFO  - userMapper has been initilized,time now is Wed May 31 15:27:23 CST 2017
2017-05-31 15:27:23 [main][com.wuxi.service.TimeRecoder-29] INFO  - userMapper has been initilized,time now is Wed May 31 15:27:23 CST 2017
2017-05-31 15:27:23 [main][com.wuxi.service.UserService-52] INFO  - context
2017-05-31 15:27:23 [main][com.wuxi.service.TimeRecoder-22] INFO  - userService is going to be initilized,time now is Wed May 31 15:27:23 CST 2017
2017-05-31 15:27:23 [main][com.wuxi.service.UserService-57] INFO  - init
2017-05-31 15:27:23 [main][com.wuxi.service.TimeRecoder-29] INFO  - userService has been initilized,time now is Wed May 31 15:27:23 CST 2017
2017-05-31 15:27:23 [main][com.wuxi.service.TimeRecoder-22] INFO  - commonDao is going to be initilized,time now is Wed May 31 15:27:23 CST 2017
2017-05-31 15:27:23 [main][com.wuxi.service.TimeRecoder-29] INFO  - commonDao has been initilized,time now is Wed May 31 15:27:23 CST 2017
2017-05-31 15:27:23 [main][com.wuxi.service.TimeRecoder-22] INFO  - org.springframework.context.event.internalEventListenerProcessor is going to be initilized,time now is Wed May 31 15:27:23 CST 2017
2017-05-31 15:27:23 [main][com.wuxi.service.TimeRecoder-29] INFO  - org.springframework.context.event.internalEventListenerProcessor has been initilized,time now is Wed May 31 15:27:23 CST 2017
2017-05-31 15:27:23 [main][com.wuxi.service.TimeRecoder-22] INFO  - org.springframework.context.event.internalEventListenerFactory is going to be initilized,time now is Wed May 31 15:27:23 CST 2017
2017-05-31 15:27:23 [main][com.wuxi.service.TimeRecoder-29] INFO  - org.springframework.context.event.internalEventListenerFactory has been initilized,time now is Wed May 31 15:27:23 CST 2017
2017-05-31 15:27:23 [main][com.wuxi.service.TimeRecoder-22] INFO  - operate is going to be initilized,time now is Wed May 31 15:27:23 CST 2017
2017-05-31 15:27:23 [main][com.wuxi.service.TimeRecoder-29] INFO  - operate has been initilized,time now is Wed May 31 15:27:23 CST 2017
2017-05-31 15:27:23 [main][com.wuxi.service.TimeRecoder-22] INFO  - com.wuxi.service.animal.Pig#0 is going to be initilized,time now is Wed May 31 15:27:23 CST 2017
2017-05-31 15:27:23 [main][com.wuxi.service.TimeRecoder-29] INFO  - com.wuxi.service.animal.Pig#0 has been initilized,time now is Wed May 31 15:27:23 CST 2017
2017-05-31 15:27:23 [main][com.wuxi.service.BeansFactory-22] INFO  - new car
2017-05-31 15:27:23 [main][com.wuxi.service.TimeRecoder-22] INFO  - getCar is going to be initilized,time now is Wed May 31 15:27:23 CST 2017
2017-05-31 15:27:23 [main][com.wuxi.service.TimeRecoder-29] INFO  - getCar has been initilized,time now is Wed May 31 15:27:23 CST 2017
2017-05-31 15:27:23 [main][org.springframework.context.support.AbstractApplicationContext-954] INFO  - Closing org.springframework.context.support.ClassPathXmlApplicationContext@17227365: startup date [Wed May 31 15:27:21 CST 2017]; root of context hierarchy
2017-05-31 15:27:23 [main][com.wuxi.service.UserService-62] INFO  - destroy
2017-05-31 17:11:11 [main][org.springframework.context.support.AbstractApplicationContext-574] INFO  - Refreshing org.springframework.context.support.ClassPathXmlApplicationContext@6c14ffc5: startup date [Wed May 31 17:11:11 CST 2017]; root of context hierarchy
2017-05-31 17:11:11 [main][org.springframework.beans.factory.xml.XmlBeanDefinitionReader-317] INFO  - Loading XML bean definitions from class path resource [applicationContext.xml]
2017-05-31 17:11:11 [main][org.springframework.beans.factory.xml.XmlBeanDefinitionReader-317] INFO  - Loading XML bean definitions from class path resource [application-datasource.xml]
2017-05-31 17:11:11 [main][org.springframework.core.io.support.PropertiesLoaderSupport-172] INFO  - Loading properties file from file [/Users/dasouche/Documents/project/chunlei/target/classes/jdbc.properties]
2017-05-31 17:11:11 [main][com.wuxi.service.TimeRecoder-22] INFO  - beansFactory is going to be initilized,time now is Wed May 31 17:11:11 CST 2017
2017-05-31 17:11:11 [main][com.wuxi.service.TimeRecoder-29] INFO  - beansFactory has been initilized,time now is Wed May 31 17:11:11 CST 2017
2017-05-31 17:11:11 [main][com.wuxi.service.TimeRecoder-22] INFO  - com.wuxi.service.animal.Tiger#0 is going to be initilized,time now is Wed May 31 17:11:11 CST 2017
2017-05-31 17:11:11 [main][com.wuxi.service.TimeRecoder-29] INFO  - com.wuxi.service.animal.Tiger#0 has been initilized,time now is Wed May 31 17:11:11 CST 2017
2017-05-31 17:11:12 [main][com.wuxi.service.TimeRecoder-22] INFO  - dataSource is going to be initilized,time now is Wed May 31 17:11:12 CST 2017
2017-05-31 17:11:12 [main][com.wuxi.service.TimeRecoder-29] INFO  - dataSource has been initilized,time now is Wed May 31 17:11:12 CST 2017
2017-05-31 17:11:12 [main][com.wuxi.service.TimeRecoder-22] INFO  - sqlSessionFactory is going to be initilized,time now is Wed May 31 17:11:12 CST 2017
2017-05-31 17:11:12 [main][com.wuxi.service.TimeRecoder-29] INFO  - sqlSessionFactory has been initilized,time now is Wed May 31 17:11:12 CST 2017
2017-05-31 17:11:12 [main][com.wuxi.service.TimeRecoder-29] INFO  - sqlSessionFactory has been initilized,time now is Wed May 31 17:11:12 CST 2017
2017-05-31 17:11:12 [main][com.wuxi.service.TimeRecoder-22] INFO  - sqlSession is going to be initilized,time now is Wed May 31 17:11:12 CST 2017
2017-05-31 17:11:12 [main][com.wuxi.service.TimeRecoder-29] INFO  - sqlSession has been initilized,time now is Wed May 31 17:11:12 CST 2017
2017-05-31 17:11:12 [main][com.wuxi.service.TimeRecoder-22] INFO  - userDao is going to be initilized,time now is Wed May 31 17:11:12 CST 2017
2017-05-31 17:11:12 [main][com.wuxi.service.TimeRecoder-29] INFO  - userDao has been initilized,time now is Wed May 31 17:11:12 CST 2017
2017-05-31 17:11:12 [main][com.wuxi.service.TimeRecoder-22] INFO  - userMapper is going to be initilized,time now is Wed May 31 17:11:12 CST 2017
2017-05-31 17:11:12 [main][com.wuxi.service.TimeRecoder-29] INFO  - userMapper has been initilized,time now is Wed May 31 17:11:12 CST 2017
2017-05-31 17:11:12 [main][com.wuxi.service.TimeRecoder-29] INFO  - userMapper has been initilized,time now is Wed May 31 17:11:12 CST 2017
2017-05-31 17:11:12 [main][com.wuxi.service.UserService-54] INFO  - context
2017-05-31 17:11:12 [main][com.wuxi.service.TimeRecoder-22] INFO  - userService is going to be initilized,time now is Wed May 31 17:11:12 CST 2017
2017-05-31 17:11:12 [main][com.wuxi.service.UserService-59] INFO  - init
2017-05-31 17:11:12 [main][com.wuxi.service.TimeRecoder-29] INFO  - userService has been initilized,time now is Wed May 31 17:11:12 CST 2017
2017-05-31 17:11:12 [main][com.wuxi.service.TimeRecoder-22] INFO  - commonDao is going to be initilized,time now is Wed May 31 17:11:12 CST 2017
2017-05-31 17:11:12 [main][com.wuxi.service.TimeRecoder-29] INFO  - commonDao has been initilized,time now is Wed May 31 17:11:12 CST 2017
2017-05-31 17:11:12 [main][com.wuxi.service.TimeRecoder-22] INFO  - org.springframework.context.event.internalEventListenerProcessor is going to be initilized,time now is Wed May 31 17:11:12 CST 2017
2017-05-31 17:11:12 [main][com.wuxi.service.TimeRecoder-29] INFO  - org.springframework.context.event.internalEventListenerProcessor has been initilized,time now is Wed May 31 17:11:12 CST 2017
2017-05-31 17:11:12 [main][com.wuxi.service.TimeRecoder-22] INFO  - org.springframework.context.event.internalEventListenerFactory is going to be initilized,time now is Wed May 31 17:11:12 CST 2017
2017-05-31 17:11:12 [main][com.wuxi.service.TimeRecoder-29] INFO  - org.springframework.context.event.internalEventListenerFactory has been initilized,time now is Wed May 31 17:11:12 CST 2017
2017-05-31 17:11:12 [main][com.wuxi.service.TimeRecoder-22] INFO  - operate is going to be initilized,time now is Wed May 31 17:11:12 CST 2017
2017-05-31 17:11:12 [main][com.wuxi.service.TimeRecoder-29] INFO  - operate has been initilized,time now is Wed May 31 17:11:12 CST 2017
2017-05-31 17:11:12 [main][com.wuxi.service.TimeRecoder-22] INFO  - com.wuxi.service.animal.Pig#0 is going to be initilized,time now is Wed May 31 17:11:12 CST 2017
2017-05-31 17:11:12 [main][com.wuxi.service.TimeRecoder-29] INFO  - com.wuxi.service.animal.Pig#0 has been initilized,time now is Wed May 31 17:11:12 CST 2017
2017-05-31 17:11:12 [main][com.wuxi.service.BeansFactory-22] INFO  - new car
2017-05-31 17:11:12 [main][com.wuxi.service.TimeRecoder-22] INFO  - getCar is going to be initilized,time now is Wed May 31 17:11:12 CST 2017
2017-05-31 17:11:12 [main][com.wuxi.service.TimeRecoder-29] INFO  - getCar has been initilized,time now is Wed May 31 17:11:12 CST 2017
2017-05-31 17:11:12 [main][org.springframework.context.support.AbstractApplicationContext-954] INFO  - Closing org.springframework.context.support.ClassPathXmlApplicationContext@6c14ffc5: startup date [Wed May 31 17:11:11 CST 2017]; root of context hierarchy
2017-05-31 17:11:12 [main][com.wuxi.service.UserService-64] INFO  - destroy
2017-05-31 17:12:24 [main][org.springframework.context.support.AbstractApplicationContext-574] INFO  - Refreshing org.springframework.context.support.ClassPathXmlApplicationContext@590b9bcf: startup date [Wed May 31 17:12:24 CST 2017]; root of context hierarchy
2017-05-31 17:12:24 [main][org.springframework.beans.factory.xml.XmlBeanDefinitionReader-317] INFO  - Loading XML bean definitions from class path resource [applicationContext.xml]
2017-05-31 17:12:24 [main][org.springframework.beans.factory.xml.XmlBeanDefinitionReader-317] INFO  - Loading XML bean definitions from class path resource [application-datasource.xml]
2017-05-31 17:12:25 [main][org.springframework.core.io.support.PropertiesLoaderSupport-172] INFO  - Loading properties file from file [/Users/dasouche/Documents/project/chunlei/target/classes/jdbc.properties]
2017-05-31 17:12:25 [main][com.wuxi.service.TimeRecoder-22] INFO  - beansFactory is going to be initilized,time now is Wed May 31 17:12:25 CST 2017
2017-05-31 17:12:25 [main][com.wuxi.service.TimeRecoder-29] INFO  - beansFactory has been initilized,time now is Wed May 31 17:12:25 CST 2017
2017-05-31 17:12:25 [main][com.wuxi.service.TimeRecoder-22] INFO  - com.wuxi.service.animal.Tiger#0 is going to be initilized,time now is Wed May 31 17:12:25 CST 2017
2017-05-31 17:12:25 [main][com.wuxi.service.TimeRecoder-29] INFO  - com.wuxi.service.animal.Tiger#0 has been initilized,time now is Wed May 31 17:12:25 CST 2017
2017-05-31 17:12:25 [main][com.wuxi.service.TimeRecoder-22] INFO  - dataSource is going to be initilized,time now is Wed May 31 17:12:25 CST 2017
2017-05-31 17:12:25 [main][com.wuxi.service.TimeRecoder-29] INFO  - dataSource has been initilized,time now is Wed May 31 17:12:25 CST 2017
2017-05-31 17:12:25 [main][com.wuxi.service.TimeRecoder-22] INFO  - sqlSessionFactory is going to be initilized,time now is Wed May 31 17:12:25 CST 2017
2017-05-31 17:12:26 [main][com.wuxi.service.TimeRecoder-29] INFO  - sqlSessionFactory has been initilized,time now is Wed May 31 17:12:26 CST 2017
2017-05-31 17:12:26 [main][com.wuxi.service.TimeRecoder-29] INFO  - sqlSessionFactory has been initilized,time now is Wed May 31 17:12:26 CST 2017
2017-05-31 17:12:26 [main][com.wuxi.service.TimeRecoder-22] INFO  - sqlSession is going to be initilized,time now is Wed May 31 17:12:26 CST 2017
2017-05-31 17:12:26 [main][com.wuxi.service.TimeRecoder-29] INFO  - sqlSession has been initilized,time now is Wed May 31 17:12:26 CST 2017
2017-05-31 17:12:26 [main][com.wuxi.service.TimeRecoder-22] INFO  - userDao is going to be initilized,time now is Wed May 31 17:12:26 CST 2017
2017-05-31 17:12:26 [main][com.wuxi.service.TimeRecoder-29] INFO  - userDao has been initilized,time now is Wed May 31 17:12:26 CST 2017
2017-05-31 17:12:26 [main][com.wuxi.service.TimeRecoder-22] INFO  - userMapper is going to be initilized,time now is Wed May 31 17:12:26 CST 2017
2017-05-31 17:12:26 [main][com.wuxi.service.TimeRecoder-29] INFO  - userMapper has been initilized,time now is Wed May 31 17:12:26 CST 2017
2017-05-31 17:12:26 [main][com.wuxi.service.TimeRecoder-29] INFO  - userMapper has been initilized,time now is Wed May 31 17:12:26 CST 2017
2017-05-31 17:12:26 [main][com.wuxi.service.UserService-54] INFO  - context
2017-05-31 17:12:26 [main][com.wuxi.service.TimeRecoder-22] INFO  - userService is going to be initilized,time now is Wed May 31 17:12:26 CST 2017
2017-05-31 17:12:26 [main][com.wuxi.service.UserService-59] INFO  - init
2017-05-31 17:12:26 [main][com.wuxi.service.TimeRecoder-29] INFO  - userService has been initilized,time now is Wed May 31 17:12:26 CST 2017
2017-05-31 17:12:26 [main][com.wuxi.service.TimeRecoder-22] INFO  - commonDao is going to be initilized,time now is Wed May 31 17:12:26 CST 2017
2017-05-31 17:12:26 [main][com.wuxi.service.TimeRecoder-29] INFO  - commonDao has been initilized,time now is Wed May 31 17:12:26 CST 2017
2017-05-31 17:12:26 [main][com.wuxi.service.TimeRecoder-22] INFO  - org.springframework.context.event.internalEventListenerProcessor is going to be initilized,time now is Wed May 31 17:12:26 CST 2017
2017-05-31 17:12:26 [main][com.wuxi.service.TimeRecoder-29] INFO  - org.springframework.context.event.internalEventListenerProcessor has been initilized,time now is Wed May 31 17:12:26 CST 2017
2017-05-31 17:12:26 [main][com.wuxi.service.TimeRecoder-22] INFO  - org.springframework.context.event.internalEventListenerFactory is going to be initilized,time now is Wed May 31 17:12:26 CST 2017
2017-05-31 17:12:26 [main][com.wuxi.service.TimeRecoder-29] INFO  - org.springframework.context.event.internalEventListenerFactory has been initilized,time now is Wed May 31 17:12:26 CST 2017
2017-05-31 17:12:26 [main][com.wuxi.service.TimeRecoder-22] INFO  - operate is going to be initilized,time now is Wed May 31 17:12:26 CST 2017
2017-05-31 17:12:26 [main][com.wuxi.service.TimeRecoder-29] INFO  - operate has been initilized,time now is Wed May 31 17:12:26 CST 2017
2017-05-31 17:12:26 [main][com.wuxi.service.TimeRecoder-22] INFO  - com.wuxi.service.animal.Pig#0 is going to be initilized,time now is Wed May 31 17:12:26 CST 2017
2017-05-31 17:12:26 [main][com.wuxi.service.TimeRecoder-29] INFO  - com.wuxi.service.animal.Pig#0 has been initilized,time now is Wed May 31 17:12:26 CST 2017
2017-05-31 17:12:26 [main][com.wuxi.service.BeansFactory-22] INFO  - new car
2017-05-31 17:12:26 [main][com.wuxi.service.TimeRecoder-22] INFO  - getCar is going to be initilized,time now is Wed May 31 17:12:26 CST 2017
2017-05-31 17:12:26 [main][com.wuxi.service.TimeRecoder-29] INFO  - getCar has been initilized,time now is Wed May 31 17:12:26 CST 2017
2017-05-31 17:12:26 [main][org.springframework.context.support.AbstractApplicationContext-954] INFO  - Closing org.springframework.context.support.ClassPathXmlApplicationContext@590b9bcf: startup date [Wed May 31 17:12:24 CST 2017]; root of context hierarchy
2017-05-31 17:12:26 [main][com.wuxi.service.UserService-64] INFO  - destroy
2017-05-31 17:13:14 [main][org.springframework.context.support.AbstractApplicationContext-574] INFO  - Refreshing org.springframework.context.support.ClassPathXmlApplicationContext@25cd89b4: startup date [Wed May 31 17:13:14 CST 2017]; root of context hierarchy
2017-05-31 17:13:14 [main][org.springframework.beans.factory.xml.XmlBeanDefinitionReader-317] INFO  - Loading XML bean definitions from class path resource [applicationContext.xml]
2017-05-31 17:13:14 [main][org.springframework.beans.factory.xml.XmlBeanDefinitionReader-317] INFO  - Loading XML bean definitions from class path resource [application-datasource.xml]
2017-05-31 17:13:15 [main][org.springframework.core.io.support.PropertiesLoaderSupport-172] INFO  - Loading properties file from file [/Users/dasouche/Documents/project/chunlei/target/classes/jdbc.properties]
2017-05-31 17:13:15 [main][com.wuxi.service.TimeRecoder-22] INFO  - beansFactory is going to be initilized,time now is Wed May 31 17:13:15 CST 2017
2017-05-31 17:13:15 [main][com.wuxi.service.TimeRecoder-29] INFO  - beansFactory has been initilized,time now is Wed May 31 17:13:15 CST 2017
2017-05-31 17:13:15 [main][com.wuxi.service.TimeRecoder-22] INFO  - com.wuxi.service.animal.Tiger#0 is going to be initilized,time now is Wed May 31 17:13:15 CST 2017
2017-05-31 17:13:15 [main][com.wuxi.service.TimeRecoder-29] INFO  - com.wuxi.service.animal.Tiger#0 has been initilized,time now is Wed May 31 17:13:15 CST 2017
2017-05-31 17:13:15 [main][com.wuxi.service.TimeRecoder-22] INFO  - dataSource is going to be initilized,time now is Wed May 31 17:13:15 CST 2017
2017-05-31 17:13:15 [main][com.wuxi.service.TimeRecoder-29] INFO  - dataSource has been initilized,time now is Wed May 31 17:13:15 CST 2017
2017-05-31 17:13:15 [main][com.wuxi.service.TimeRecoder-22] INFO  - sqlSessionFactory is going to be initilized,time now is Wed May 31 17:13:15 CST 2017
2017-05-31 17:13:16 [main][com.wuxi.service.TimeRecoder-29] INFO  - sqlSessionFactory has been initilized,time now is Wed May 31 17:13:16 CST 2017
2017-05-31 17:13:16 [main][com.wuxi.service.TimeRecoder-29] INFO  - sqlSessionFactory has been initilized,time now is Wed May 31 17:13:16 CST 2017
2017-05-31 17:13:16 [main][com.wuxi.service.TimeRecoder-22] INFO  - sqlSession is going to be initilized,time now is Wed May 31 17:13:16 CST 2017
2017-05-31 17:13:16 [main][com.wuxi.service.TimeRecoder-29] INFO  - sqlSession has been initilized,time now is Wed May 31 17:13:16 CST 2017
2017-05-31 17:13:16 [main][com.wuxi.service.TimeRecoder-22] INFO  - userDao is going to be initilized,time now is Wed May 31 17:13:16 CST 2017
2017-05-31 17:13:16 [main][com.wuxi.service.TimeRecoder-29] INFO  - userDao has been initilized,time now is Wed May 31 17:13:16 CST 2017
2017-05-31 17:13:16 [main][com.wuxi.service.TimeRecoder-22] INFO  - userMapper is going to be initilized,time now is Wed May 31 17:13:16 CST 2017
2017-05-31 17:13:16 [main][com.wuxi.service.TimeRecoder-29] INFO  - userMapper has been initilized,time now is Wed May 31 17:13:16 CST 2017
2017-05-31 17:13:16 [main][com.wuxi.service.TimeRecoder-29] INFO  - userMapper has been initilized,time now is Wed May 31 17:13:16 CST 2017
2017-05-31 17:13:16 [main][com.wuxi.service.UserService-54] INFO  - context
2017-05-31 17:13:16 [main][com.wuxi.service.TimeRecoder-22] INFO  - userService is going to be initilized,time now is Wed May 31 17:13:16 CST 2017
2017-05-31 17:13:16 [main][com.wuxi.service.UserService-59] INFO  - init
2017-05-31 17:13:16 [main][com.wuxi.service.TimeRecoder-29] INFO  - userService has been initilized,time now is Wed May 31 17:13:16 CST 2017
2017-05-31 17:13:16 [main][com.wuxi.service.TimeRecoder-22] INFO  - commonDao is going to be initilized,time now is Wed May 31 17:13:16 CST 2017
2017-05-31 17:13:16 [main][com.wuxi.service.TimeRecoder-29] INFO  - commonDao has been initilized,time now is Wed May 31 17:13:16 CST 2017
2017-05-31 17:13:16 [main][com.wuxi.service.TimeRecoder-22] INFO  - org.springframework.context.event.internalEventListenerProcessor is going to be initilized,time now is Wed May 31 17:13:16 CST 2017
2017-05-31 17:13:16 [main][com.wuxi.service.TimeRecoder-29] INFO  - org.springframework.context.event.internalEventListenerProcessor has been initilized,time now is Wed May 31 17:13:16 CST 2017
2017-05-31 17:13:16 [main][com.wuxi.service.TimeRecoder-22] INFO  - org.springframework.context.event.internalEventListenerFactory is going to be initilized,time now is Wed May 31 17:13:16 CST 2017
2017-05-31 17:13:16 [main][com.wuxi.service.TimeRecoder-29] INFO  - org.springframework.context.event.internalEventListenerFactory has been initilized,time now is Wed May 31 17:13:16 CST 2017
2017-05-31 17:13:16 [main][com.wuxi.service.TimeRecoder-22] INFO  - operate is going to be initilized,time now is Wed May 31 17:13:16 CST 2017
2017-05-31 17:13:16 [main][com.wuxi.service.TimeRecoder-29] INFO  - operate has been initilized,time now is Wed May 31 17:13:16 CST 2017
2017-05-31 17:13:16 [main][com.wuxi.service.TimeRecoder-22] INFO  - com.wuxi.service.animal.Pig#0 is going to be initilized,time now is Wed May 31 17:13:16 CST 2017
2017-05-31 17:13:16 [main][com.wuxi.service.TimeRecoder-29] INFO  - com.wuxi.service.animal.Pig#0 has been initilized,time now is Wed May 31 17:13:16 CST 2017
2017-05-31 17:13:16 [main][com.wuxi.service.BeansFactory-22] INFO  - new car
2017-05-31 17:13:16 [main][com.wuxi.service.TimeRecoder-22] INFO  - getCar is going to be initilized,time now is Wed May 31 17:13:16 CST 2017
2017-05-31 17:13:16 [main][com.wuxi.service.TimeRecoder-29] INFO  - getCar has been initilized,time now is Wed May 31 17:13:16 CST 2017
2017-05-31 17:13:16 [main][org.springframework.context.support.AbstractApplicationContext-954] INFO  - Closing org.springframework.context.support.ClassPathXmlApplicationContext@25cd89b4: startup date [Wed May 31 17:13:14 CST 2017]; root of context hierarchy
2017-05-31 17:13:16 [main][com.wuxi.service.UserService-64] INFO  - destroy
2017-05-31 17:14:26 [main][org.springframework.context.support.AbstractApplicationContext-574] INFO  - Refreshing org.springframework.context.support.ClassPathXmlApplicationContext@2ffb0fc2: startup date [Wed May 31 17:14:26 CST 2017]; root of context hierarchy
2017-05-31 17:14:26 [main][org.springframework.beans.factory.xml.XmlBeanDefinitionReader-317] INFO  - Loading XML bean definitions from class path resource [applicationContext.xml]
2017-05-31 17:14:26 [main][org.springframework.beans.factory.xml.XmlBeanDefinitionReader-317] INFO  - Loading XML bean definitions from class path resource [application-datasource.xml]
2017-05-31 17:14:27 [main][org.springframework.core.io.support.PropertiesLoaderSupport-172] INFO  - Loading properties file from file [/Users/dasouche/Documents/project/chunlei/target/classes/jdbc.properties]
2017-05-31 17:14:27 [main][com.wuxi.service.TimeRecoder-22] INFO  - beansFactory is going to be initilized,time now is Wed May 31 17:14:27 CST 2017
2017-05-31 17:14:27 [main][com.wuxi.service.TimeRecoder-29] INFO  - beansFactory has been initilized,time now is Wed May 31 17:14:27 CST 2017
2017-05-31 17:14:27 [main][com.wuxi.service.TimeRecoder-22] INFO  - com.wuxi.service.animal.Tiger#0 is going to be initilized,time now is Wed May 31 17:14:27 CST 2017
2017-05-31 17:14:27 [main][com.wuxi.service.TimeRecoder-29] INFO  - com.wuxi.service.animal.Tiger#0 has been initilized,time now is Wed May 31 17:14:27 CST 2017
2017-05-31 17:14:27 [main][com.wuxi.service.TimeRecoder-22] INFO  - dataSource is going to be initilized,time now is Wed May 31 17:14:27 CST 2017
2017-05-31 17:14:27 [main][com.wuxi.service.TimeRecoder-29] INFO  - dataSource has been initilized,time now is Wed May 31 17:14:27 CST 2017
2017-05-31 17:14:27 [main][com.wuxi.service.TimeRecoder-22] INFO  - sqlSessionFactory is going to be initilized,time now is Wed May 31 17:14:27 CST 2017
2017-05-31 17:14:27 [main][com.wuxi.service.TimeRecoder-29] INFO  - sqlSessionFactory has been initilized,time now is Wed May 31 17:14:27 CST 2017
2017-05-31 17:14:27 [main][com.wuxi.service.TimeRecoder-29] INFO  - sqlSessionFactory has been initilized,time now is Wed May 31 17:14:27 CST 2017
2017-05-31 17:14:27 [main][com.wuxi.service.TimeRecoder-22] INFO  - sqlSession is going to be initilized,time now is Wed May 31 17:14:27 CST 2017
2017-05-31 17:14:27 [main][com.wuxi.service.TimeRecoder-29] INFO  - sqlSession has been initilized,time now is Wed May 31 17:14:27 CST 2017
2017-05-31 17:14:27 [main][com.wuxi.service.TimeRecoder-22] INFO  - userDao is going to be initilized,time now is Wed May 31 17:14:27 CST 2017
2017-05-31 17:14:27 [main][com.wuxi.service.TimeRecoder-29] INFO  - userDao has been initilized,time now is Wed May 31 17:14:27 CST 2017
2017-05-31 17:14:27 [main][com.wuxi.service.TimeRecoder-22] INFO  - userMapper is going to be initilized,time now is Wed May 31 17:14:27 CST 2017
2017-05-31 17:14:27 [main][com.wuxi.service.TimeRecoder-29] INFO  - userMapper has been initilized,time now is Wed May 31 17:14:27 CST 2017
2017-05-31 17:14:27 [main][com.wuxi.service.TimeRecoder-29] INFO  - userMapper has been initilized,time now is Wed May 31 17:14:27 CST 2017
2017-05-31 17:14:27 [main][com.wuxi.service.UserService-54] INFO  - context
2017-05-31 17:14:27 [main][com.wuxi.service.TimeRecoder-22] INFO  - userService is going to be initilized,time now is Wed May 31 17:14:27 CST 2017
2017-05-31 17:14:27 [main][com.wuxi.service.UserService-59] INFO  - init
2017-05-31 17:14:27 [main][com.wuxi.service.TimeRecoder-29] INFO  - userService has been initilized,time now is Wed May 31 17:14:27 CST 2017
2017-05-31 17:14:27 [main][com.wuxi.service.TimeRecoder-22] INFO  - commonDao is going to be initilized,time now is Wed May 31 17:14:27 CST 2017
2017-05-31 17:14:27 [main][com.wuxi.service.TimeRecoder-29] INFO  - commonDao has been initilized,time now is Wed May 31 17:14:27 CST 2017
2017-05-31 17:14:27 [main][com.wuxi.service.TimeRecoder-22] INFO  - org.springframework.context.event.internalEventListenerProcessor is going to be initilized,time now is Wed May 31 17:14:27 CST 2017
2017-05-31 17:14:27 [main][com.wuxi.service.TimeRecoder-29] INFO  - org.springframework.context.event.internalEventListenerProcessor has been initilized,time now is Wed May 31 17:14:27 CST 2017
2017-05-31 17:14:27 [main][com.wuxi.service.TimeRecoder-22] INFO  - org.springframework.context.event.internalEventListenerFactory is going to be initilized,time now is Wed May 31 17:14:27 CST 2017
2017-05-31 17:14:27 [main][com.wuxi.service.TimeRecoder-29] INFO  - org.springframework.context.event.internalEventListenerFactory has been initilized,time now is Wed May 31 17:14:27 CST 2017
2017-05-31 17:14:27 [main][com.wuxi.service.TimeRecoder-22] INFO  - operate is going to be initilized,time now is Wed May 31 17:14:27 CST 2017
2017-05-31 17:14:27 [main][com.wuxi.service.TimeRecoder-29] INFO  - operate has been initilized,time now is Wed May 31 17:14:27 CST 2017
2017-05-31 17:14:27 [main][com.wuxi.service.TimeRecoder-22] INFO  - com.wuxi.service.animal.Pig#0 is going to be initilized,time now is Wed May 31 17:14:27 CST 2017
2017-05-31 17:14:27 [main][com.wuxi.service.TimeRecoder-29] INFO  - com.wuxi.service.animal.Pig#0 has been initilized,time now is Wed May 31 17:14:27 CST 2017
2017-05-31 17:14:27 [main][com.wuxi.service.BeansFactory-22] INFO  - new car
2017-05-31 17:14:27 [main][com.wuxi.service.TimeRecoder-22] INFO  - getCar is going to be initilized,time now is Wed May 31 17:14:27 CST 2017
2017-05-31 17:14:27 [main][com.wuxi.service.TimeRecoder-29] INFO  - getCar has been initilized,time now is Wed May 31 17:14:27 CST 2017
2017-05-31 17:14:27 [main][org.springframework.context.support.AbstractApplicationContext-954] INFO  - Closing org.springframework.context.support.ClassPathXmlApplicationContext@2ffb0fc2: startup date [Wed May 31 17:14:26 CST 2017]; root of context hierarchy
2017-05-31 17:14:27 [main][com.wuxi.service.UserService-64] INFO  - destroy
2017-05-31 17:17:02 [main][org.springframework.context.support.AbstractApplicationContext-574] INFO  - Refreshing org.springframework.context.support.ClassPathXmlApplicationContext@92260b5: startup date [Wed May 31 17:17:02 CST 2017]; root of context hierarchy
2017-05-31 17:17:02 [main][org.springframework.beans.factory.xml.XmlBeanDefinitionReader-317] INFO  - Loading XML bean definitions from class path resource [applicationContext.xml]
2017-05-31 17:17:03 [main][org.springframework.beans.factory.xml.XmlBeanDefinitionReader-317] INFO  - Loading XML bean definitions from class path resource [application-datasource.xml]
2017-05-31 17:17:03 [main][org.springframework.core.io.support.PropertiesLoaderSupport-172] INFO  - Loading properties file from file [/Users/dasouche/Documents/project/chunlei/target/classes/jdbc.properties]
2017-05-31 17:17:03 [main][com.wuxi.service.TimeRecoder-22] INFO  - beansFactory is going to be initilized,time now is Wed May 31 17:17:03 CST 2017
2017-05-31 17:17:03 [main][com.wuxi.service.TimeRecoder-29] INFO  - beansFactory has been initilized,time now is Wed May 31 17:17:03 CST 2017
2017-05-31 17:17:03 [main][com.wuxi.service.TimeRecoder-22] INFO  - com.wuxi.service.animal.Tiger#0 is going to be initilized,time now is Wed May 31 17:17:03 CST 2017
2017-05-31 17:17:03 [main][com.wuxi.service.TimeRecoder-29] INFO  - com.wuxi.service.animal.Tiger#0 has been initilized,time now is Wed May 31 17:17:03 CST 2017
2017-05-31 17:17:03 [main][com.wuxi.service.TimeRecoder-22] INFO  - dataSource is going to be initilized,time now is Wed May 31 17:17:03 CST 2017
2017-05-31 17:17:03 [main][com.wuxi.service.TimeRecoder-29] INFO  - dataSource has been initilized,time now is Wed May 31 17:17:03 CST 2017
2017-05-31 17:17:03 [main][com.wuxi.service.TimeRecoder-22] INFO  - sqlSessionFactory is going to be initilized,time now is Wed May 31 17:17:03 CST 2017
2017-05-31 17:17:04 [main][com.wuxi.service.TimeRecoder-29] INFO  - sqlSessionFactory has been initilized,time now is Wed May 31 17:17:04 CST 2017
2017-05-31 17:17:04 [main][com.wuxi.service.TimeRecoder-29] INFO  - sqlSessionFactory has been initilized,time now is Wed May 31 17:17:04 CST 2017
2017-05-31 17:17:04 [main][com.wuxi.service.TimeRecoder-22] INFO  - sqlSession is going to be initilized,time now is Wed May 31 17:17:04 CST 2017
2017-05-31 17:17:04 [main][com.wuxi.service.TimeRecoder-29] INFO  - sqlSession has been initilized,time now is Wed May 31 17:17:04 CST 2017
2017-05-31 17:17:04 [main][com.wuxi.service.TimeRecoder-22] INFO  - userDao is going to be initilized,time now is Wed May 31 17:17:04 CST 2017
2017-05-31 17:17:04 [main][com.wuxi.service.TimeRecoder-29] INFO  - userDao has been initilized,time now is Wed May 31 17:17:04 CST 2017
2017-05-31 17:17:04 [main][com.wuxi.service.TimeRecoder-22] INFO  - userMapper is going to be initilized,time now is Wed May 31 17:17:04 CST 2017
2017-05-31 17:17:04 [main][com.wuxi.service.TimeRecoder-29] INFO  - userMapper has been initilized,time now is Wed May 31 17:17:04 CST 2017
2017-05-31 17:17:04 [main][com.wuxi.service.TimeRecoder-29] INFO  - userMapper has been initilized,time now is Wed May 31 17:17:04 CST 2017
2017-05-31 17:17:04 [main][com.wuxi.service.UserService-54] INFO  - context
2017-05-31 17:17:04 [main][com.wuxi.service.TimeRecoder-22] INFO  - userService is going to be initilized,time now is Wed May 31 17:17:04 CST 2017
2017-05-31 17:17:04 [main][com.wuxi.service.UserService-59] INFO  - init
2017-05-31 17:17:04 [main][com.wuxi.service.TimeRecoder-29] INFO  - userService has been initilized,time now is Wed May 31 17:17:04 CST 2017
2017-05-31 17:17:04 [main][com.wuxi.service.TimeRecoder-22] INFO  - commonDao is going to be initilized,time now is Wed May 31 17:17:04 CST 2017
2017-05-31 17:17:04 [main][com.wuxi.service.TimeRecoder-29] INFO  - commonDao has been initilized,time now is Wed May 31 17:17:04 CST 2017
2017-05-31 17:17:04 [main][com.wuxi.service.TimeRecoder-22] INFO  - org.springframework.context.event.internalEventListenerProcessor is going to be initilized,time now is Wed May 31 17:17:04 CST 2017
2017-05-31 17:17:04 [main][com.wuxi.service.TimeRecoder-29] INFO  - org.springframework.context.event.internalEventListenerProcessor has been initilized,time now is Wed May 31 17:17:04 CST 2017
2017-05-31 17:17:04 [main][com.wuxi.service.TimeRecoder-22] INFO  - org.springframework.context.event.internalEventListenerFactory is going to be initilized,time now is Wed May 31 17:17:04 CST 2017
2017-05-31 17:17:04 [main][com.wuxi.service.TimeRecoder-29] INFO  - org.springframework.context.event.internalEventListenerFactory has been initilized,time now is Wed May 31 17:17:04 CST 2017
2017-05-31 17:17:04 [main][com.wuxi.service.TimeRecoder-22] INFO  - operate is going to be initilized,time now is Wed May 31 17:17:04 CST 2017
2017-05-31 17:17:04 [main][com.wuxi.service.TimeRecoder-29] INFO  - operate has been initilized,time now is Wed May 31 17:17:04 CST 2017
2017-05-31 17:17:04 [main][com.wuxi.service.TimeRecoder-22] INFO  - com.wuxi.service.animal.Pig#0 is going to be initilized,time now is Wed May 31 17:17:04 CST 2017
2017-05-31 17:17:04 [main][com.wuxi.service.TimeRecoder-29] INFO  - com.wuxi.service.animal.Pig#0 has been initilized,time now is Wed May 31 17:17:04 CST 2017
2017-05-31 17:17:04 [main][com.wuxi.service.BeansFactory-22] INFO  - new car
2017-05-31 17:17:04 [main][com.wuxi.service.TimeRecoder-22] INFO  - getCar is going to be initilized,time now is Wed May 31 17:17:04 CST 2017
2017-05-31 17:17:04 [main][com.wuxi.service.TimeRecoder-29] INFO  - getCar has been initilized,time now is Wed May 31 17:17:04 CST 2017
2017-05-31 17:17:04 [main][org.springframework.context.support.AbstractApplicationContext-954] INFO  - Closing org.springframework.context.support.ClassPathXmlApplicationContext@92260b5: startup date [Wed May 31 17:17:02 CST 2017]; root of context hierarchy
2017-05-31 17:17:04 [main][com.wuxi.service.UserService-64] INFO  - destroy
